
/home/runner/work/exp-markovian-queues-with-multiple-iitd/exp-markovian-queues-with-multiple-iitd/experiment/simulation/js/main.js
   51:5   warning  'rho' is assigned a value but never used     no-unused-vars
   96:5   warning  'google' is not defined                      no-undef
  100:5   warning  'google' is not defined                      no-undef
  107:16  warning  'google' is not defined                      no-undef
  128:21  warning  'google' is not defined                      no-undef
  171:10  warning  'startSimulation' is defined but never used  no-unused-vars
  176:9   warning  'in_use' is assigned a value but never used  no-unused-vars
  310:9   warning  'Ts' is assigned a value but never used      no-unused-vars
  319:9   warning  'ex_st' is assigned a value but never used   no-unused-vars
  322:9   warning  'th_st' is assigned a value but never used   no-unused-vars
  336:27  warning  Use the isNaN function to compare with NaN   use-isnan
  342:27  warning  Use the isNaN function to compare with NaN   use-isnan
  348:27  warning  Use the isNaN function to compare with NaN   use-isnan
  361:27  warning  Use the isNaN function to compare with NaN   use-isnan
  373:27  warning  Use the isNaN function to compare with NaN   use-isnan
  377:27  warning  Use the isNaN function to compare with NaN   use-isnan
  381:27  warning  Use the isNaN function to compare with NaN   use-isnan
  385:27  warning  Use the isNaN function to compare with NaN   use-isnan
  389:27  warning  Use the isNaN function to compare with NaN   use-isnan
  393:27  warning  Use the isNaN function to compare with NaN   use-isnan
  406:27  warning  Use the isNaN function to compare with NaN   use-isnan
  410:27  warning  Use the isNaN function to compare with NaN   use-isnan
  424:10  warning  'stopSimulation' is defined but never used   no-unused-vars
  433:12  warning  'google' is not defined                      no-undef

✖ 24 problems (0 errors, 24 warnings)

